[ 2016-05-20T13:32:33+08:00 ] 127.0.0.1 /
INFO: [ app_init ] --START--
INFO: Run Behavior\BuildLiteBehavior [ RunTime:0.000000s ]
INFO: [ app_init ] --END-- [ RunTime:0.020002s ]
INFO: [ app_begin ] --START--
INFO: Run Behavior\ReadHtmlCacheBehavior [ RunTime:0.001000s ]
INFO: [ app_begin ] --END-- [ RunTime:0.001000s ]
NOTIC: [2048] Declaration of Home\Controller\ItemController::show() should be compatible with Think\Controller::show($content, $charset = '', $contentType = '', $prefix = '') D:\PHPnow\htdocs\showdoc\Application\Home\Controller\ItemController.class.php 第 4 行.
SQL: SHOW COLUMNS FROM `item` [ RunTime:0.0460s ]
SQL: SELECT * FROM `item`  [ RunTime:0.0015s ]
NOTIC: [8] Undefined variable: login_user D:\PHPnow\htdocs\showdoc\Application\Home\Controller\ItemController.class.php 第 11 行.
NOTIC: [8] Undefined variable: login_user D:\PHPnow\htdocs\showdoc\Application\Home\Controller\ItemController.class.php 第 14 行.
INFO: [ view_parse ] --START--
INFO: [ template_filter ] --START--
INFO: Run Behavior\ContentReplaceBehavior [ RunTime:0.006501s ]
INFO: [ template_filter ] --END-- [ RunTime:0.006501s ]
NOTIC: [8] Undefined variable: item D:\PHPnow\htdocs\showdoc\Application\Runtime\Cache\Home\fbd4024b257c0eb32531d23fc561bc4e.php 第 5 行.
NOTIC: [8] Undefined index: login_user D:\PHPnow\htdocs\showdoc\Application\Runtime\Cache\Home\fbd4024b257c0eb32531d23fc561bc4e.php 第 50 行.
NOTIC: [8] Undefined index: login_user D:\PHPnow\htdocs\showdoc\Application\Runtime\Cache\Home\fbd4024b257c0eb32531d23fc561bc4e.php 第 84 行.
INFO: Run Behavior\ParseTemplateBehavior [ RunTime:0.061007s ]
INFO: [ view_parse ] --END-- [ RunTime:0.061007s ]
INFO: [ view_filter ] --START--
INFO: Run Behavior\WriteHtmlCacheBehavior [ RunTime:0.011002s ]
INFO: [ view_filter ] --END-- [ RunTime:0.011502s ]
INFO: [ app_end ] --START--
INFO: Run Behavior\ShowPageTraceBehavior [ RunTime:0.001500s ]
INFO: [ app_end ] --END-- [ RunTime:0.001500s ]

[ 2016-05-20T13:32:34+08:00 ] 127.0.0.1 /index.php/Home/Item/Show?item_id=7
INFO: [ app_init ] --START--
INFO: Run Behavior\BuildLiteBehavior [ RunTime:0.000000s ]
INFO: [ app_init ] --END-- [ RunTime:0.000500s ]
INFO: [ app_begin ] --START--
INFO: Run Behavior\ReadHtmlCacheBehavior [ RunTime:0.000500s ]
INFO: [ app_begin ] --END-- [ RunTime:0.000500s ]
NOTIC: [2048] Declaration of Home\Controller\ItemController::show() should be compatible with Think\Controller::show($content, $charset = '', $contentType = '', $prefix = '') D:\PHPnow\htdocs\showdoc\Application\Home\Controller\ItemController.class.php 第 4 行.
SQL: SHOW COLUMNS FROM `item` [ RunTime:0.0010s ]
SQL: SELECT * FROM `item` WHERE ( item_id = '7'  ) LIMIT 1   [ RunTime:0.0430s ]
SQL: SELECT * FROM `item` WHERE ( item_id = '7'  ) LIMIT 1   [ RunTime:0.0000s ]
SQL: SHOW COLUMNS FROM `page` [ RunTime:0.0095s ]
SQL: SELECT * FROM `page` WHERE ( cat_id = '0' and item_id = '7'  ) ORDER BY  `order` asc    [ RunTime:0.0375s ]
SQL: SHOW COLUMNS FROM `catalog` [ RunTime:0.0085s ]
SQL: SELECT * FROM `catalog` WHERE ( item_id = '7'  ) ORDER BY  `order` asc    [ RunTime:0.0005s ]
SQL: SELECT * FROM `page` WHERE ( cat_id = '9'  ) ORDER BY  `order` asc    [ RunTime:0.0005s ]
INFO: [ view_parse ] --START--
INFO: [ template_filter ] --START--
INFO: Run Behavior\ContentReplaceBehavior [ RunTime:0.000500s ]
INFO: [ template_filter ] --END-- [ RunTime:0.000500s ]
NOTIC: [8] Undefined variable: page_id D:\PHPnow\htdocs\showdoc\Application\Runtime\Cache\Home\933c8d22c4cc45c26122eb4fbf6193d9.php 第 99 行.
INFO: Run Behavior\ParseTemplateBehavior [ RunTime:0.016002s ]
INFO: [ view_parse ] --END-- [ RunTime:0.016002s ]
INFO: [ view_filter ] --START--
INFO: Run Behavior\WriteHtmlCacheBehavior [ RunTime:0.000000s ]
INFO: [ view_filter ] --END-- [ RunTime:0.000000s ]
INFO: [ app_end ] --START--
INFO: Run Behavior\ShowPageTraceBehavior [ RunTime:0.000500s ]
INFO: [ app_end ] --END-- [ RunTime:0.000500s ]

[ 2016-05-20T13:32:36+08:00 ] 127.0.0.1 /index.php/Home/page/index?page_id=51
INFO: [ app_init ] --START--
INFO: Run Behavior\BuildLiteBehavior [ RunTime:0.000000s ]
INFO: [ app_init ] --END-- [ RunTime:0.000500s ]
INFO: [ app_begin ] --START--
INFO: Run Behavior\ReadHtmlCacheBehavior [ RunTime:0.001000s ]
INFO: [ app_begin ] --END-- [ RunTime:0.001000s ]
SQL: SHOW COLUMNS FROM `page` [ RunTime:0.0010s ]
SQL: SELECT * FROM `page` WHERE (  page_id = '51'  ) LIMIT 1   [ RunTime:0.0005s ]
INFO: [ view_parse ] --START--
INFO: [ template_filter ] --START--
INFO: Run Behavior\ContentReplaceBehavior [ RunTime:0.000000s ]
INFO: [ template_filter ] --END-- [ RunTime:0.000000s ]
NOTIC: [8] Undefined variable: item D:\PHPnow\htdocs\showdoc\Application\Runtime\Cache\Home\68bce0ec7afdf8798ef65138f610dc8c.php 第 5 行.
INFO: Run Behavior\ParseTemplateBehavior [ RunTime:0.006001s ]
INFO: [ view_parse ] --END-- [ RunTime:0.006001s ]
INFO: [ view_filter ] --START--
INFO: Run Behavior\WriteHtmlCacheBehavior [ RunTime:0.000500s ]
INFO: [ view_filter ] --END-- [ RunTime:0.000500s ]
INFO: [ app_end ] --START--
INFO: Run Behavior\ShowPageTraceBehavior [ RunTime:0.001000s ]
INFO: [ app_end ] --END-- [ RunTime:0.001000s ]

[ 2016-05-20T16:24:49+08:00 ] 127.0.0.1 /
INFO: [ app_init ] --START--
INFO: Run Behavior\BuildLiteBehavior [ RunTime:0.000000s ]
INFO: [ app_init ] --END-- [ RunTime:0.000500s ]
INFO: [ app_begin ] --START--
INFO: Run Behavior\ReadHtmlCacheBehavior [ RunTime:0.000000s ]
INFO: [ app_begin ] --END-- [ RunTime:0.000000s ]
NOTIC: [2048] Declaration of Home\Controller\ItemController::show() should be compatible with Think\Controller::show($content, $charset = '', $contentType = '', $prefix = '') D:\PHPnow\htdocs\showdoc\Application\Home\Controller\ItemController.class.php 第 4 行.
SQL: SHOW COLUMNS FROM `item` [ RunTime:0.0010s ]
SQL: SELECT * FROM `item`  [ RunTime:0.0000s ]
NOTIC: [8] Undefined variable: login_user D:\PHPnow\htdocs\showdoc\Application\Home\Controller\ItemController.class.php 第 11 行.
NOTIC: [8] Undefined variable: login_user D:\PHPnow\htdocs\showdoc\Application\Home\Controller\ItemController.class.php 第 14 行.
INFO: [ view_parse ] --START--
INFO: [ template_filter ] --START--
INFO: Run Behavior\ContentReplaceBehavior [ RunTime:0.000000s ]
INFO: [ template_filter ] --END-- [ RunTime:0.000000s ]
NOTIC: [8] Undefined variable: item D:\PHPnow\htdocs\showdoc\Application\Runtime\Cache\Home\fbd4024b257c0eb32531d23fc561bc4e.php 第 5 行.
NOTIC: [8] Undefined index: login_user D:\PHPnow\htdocs\showdoc\Application\Runtime\Cache\Home\fbd4024b257c0eb32531d23fc561bc4e.php 第 50 行.
NOTIC: [8] Undefined index: login_user D:\PHPnow\htdocs\showdoc\Application\Runtime\Cache\Home\fbd4024b257c0eb32531d23fc561bc4e.php 第 84 行.
INFO: Run Behavior\ParseTemplateBehavior [ RunTime:0.007501s ]
INFO: [ view_parse ] --END-- [ RunTime:0.007501s ]
INFO: [ view_filter ] --START--
INFO: Run Behavior\WriteHtmlCacheBehavior [ RunTime:0.000000s ]
INFO: [ view_filter ] --END-- [ RunTime:0.000000s ]
INFO: [ app_end ] --START--
INFO: Run Behavior\ShowPageTraceBehavior [ RunTime:0.000500s ]
INFO: [ app_end ] --END-- [ RunTime:0.000500s ]

[ 2016-05-20T16:24:50+08:00 ] 127.0.0.1 /
INFO: [ app_init ] --START--
INFO: Run Behavior\BuildLiteBehavior [ RunTime:0.000000s ]
INFO: [ app_init ] --END-- [ RunTime:0.000500s ]
INFO: [ app_begin ] --START--
INFO: Run Behavior\ReadHtmlCacheBehavior [ RunTime:0.000000s ]
INFO: [ app_begin ] --END-- [ RunTime:0.000500s ]
NOTIC: [2048] Declaration of Home\Controller\ItemController::show() should be compatible with Think\Controller::show($content, $charset = '', $contentType = '', $prefix = '') D:\PHPnow\htdocs\showdoc\Application\Home\Controller\ItemController.class.php 第 4 行.
SQL: SHOW COLUMNS FROM `item` [ RunTime:0.0010s ]
SQL: SELECT * FROM `item`  [ RunTime:0.0005s ]
NOTIC: [8] Undefined variable: login_user D:\PHPnow\htdocs\showdoc\Application\Home\Controller\ItemController.class.php 第 11 行.
NOTIC: [8] Undefined variable: login_user D:\PHPnow\htdocs\showdoc\Application\Home\Controller\ItemController.class.php 第 14 行.
INFO: [ view_parse ] --START--
INFO: [ template_filter ] --START--
INFO: Run Behavior\ContentReplaceBehavior [ RunTime:0.000000s ]
INFO: [ template_filter ] --END-- [ RunTime:0.000000s ]
NOTIC: [8] Undefined variable: item D:\PHPnow\htdocs\showdoc\Application\Runtime\Cache\Home\fbd4024b257c0eb32531d23fc561bc4e.php 第 5 行.
NOTIC: [8] Undefined index: login_user D:\PHPnow\htdocs\showdoc\Application\Runtime\Cache\Home\fbd4024b257c0eb32531d23fc561bc4e.php 第 50 行.
NOTIC: [8] Undefined index: login_user D:\PHPnow\htdocs\showdoc\Application\Runtime\Cache\Home\fbd4024b257c0eb32531d23fc561bc4e.php 第 84 行.
INFO: Run Behavior\ParseTemplateBehavior [ RunTime:0.007000s ]
INFO: [ view_parse ] --END-- [ RunTime:0.007000s ]
INFO: [ view_filter ] --START--
INFO: Run Behavior\WriteHtmlCacheBehavior [ RunTime:0.000000s ]
INFO: [ view_filter ] --END-- [ RunTime:0.000000s ]
INFO: [ app_end ] --START--
INFO: Run Behavior\ShowPageTraceBehavior [ RunTime:0.000500s ]
INFO: [ app_end ] --END-- [ RunTime:0.000500s ]

[ 2016-05-20T16:25:20+08:00 ] 192.168.1.148 /
INFO: [ app_init ] --START--
INFO: Run Behavior\BuildLiteBehavior [ RunTime:0.000032s ]
INFO: [ app_init ] --END-- [ RunTime:0.001635s ]
INFO: [ app_begin ] --START--
INFO: Run Behavior\ReadHtmlCacheBehavior [ RunTime:0.001446s ]
INFO: [ app_begin ] --END-- [ RunTime:0.001513s ]
NOTIC: [2048] Declaration of Home\Controller\ItemController::show() should be compatible with Think\Controller::show($content, $charset = '', $contentType = '', $prefix = '') /home/www/doc/Application/Home/Controller/ItemController.class.php 第 4 行.
ERR: SQLSTATE[HY000] [2002] Can't connect to local MySQL server through socket '/tmp/mysqld.sock' (2)

[ 2016-05-20T16:42:54+08:00 ] 127.0.0.1 /index.php/Home/Item/Show?item_id=7
INFO: [ app_init ] --START--
INFO: Run Behavior\BuildLiteBehavior [ RunTime:0.000000s ]
INFO: [ app_init ] --END-- [ RunTime:0.000500s ]
INFO: [ app_begin ] --START--
INFO: Run Behavior\ReadHtmlCacheBehavior [ RunTime:0.000500s ]
INFO: [ app_begin ] --END-- [ RunTime:0.000500s ]
NOTIC: [2048] Declaration of Home\Controller\ItemController::show() should be compatible with Think\Controller::show($content, $charset = '', $contentType = '', $prefix = '') D:\PHPnow\htdocs\showdoc\Application\Home\Controller\ItemController.class.php 第 4 行.
SQL: SHOW COLUMNS FROM `item` [ RunTime:0.0010s ]
SQL: SELECT * FROM `item` WHERE ( item_id = '7'  ) LIMIT 1   [ RunTime:0.0005s ]
SQL: SHOW COLUMNS FROM `page` [ RunTime:0.0005s ]
SQL: SELECT * FROM `page` WHERE ( cat_id = '0' and item_id = '7'  ) ORDER BY  `order` asc    [ RunTime:0.0005s ]
SQL: SHOW COLUMNS FROM `catalog` [ RunTime:0.0010s ]
SQL: SELECT * FROM `catalog` WHERE ( item_id = '7'  ) ORDER BY  `order` asc    [ RunTime:0.0005s ]
SQL: SELECT * FROM `page` WHERE ( cat_id = '9'  ) ORDER BY  `order` asc    [ RunTime:0.0005s ]
INFO: [ view_parse ] --START--
INFO: [ template_filter ] --START--
INFO: Run Behavior\ContentReplaceBehavior [ RunTime:0.000000s ]
INFO: [ template_filter ] --END-- [ RunTime:0.000000s ]
NOTIC: [8] Undefined variable: page_id D:\PHPnow\htdocs\showdoc\Application\Runtime\Cache\Home\933c8d22c4cc45c26122eb4fbf6193d9.php 第 99 行.
INFO: Run Behavior\ParseTemplateBehavior [ RunTime:0.010501s ]
INFO: [ view_parse ] --END-- [ RunTime:0.010501s ]
INFO: [ view_filter ] --START--
INFO: Run Behavior\WriteHtmlCacheBehavior [ RunTime:0.000000s ]
INFO: [ view_filter ] --END-- [ RunTime:0.000000s ]
INFO: [ app_end ] --START--
INFO: Run Behavior\ShowPageTraceBehavior [ RunTime:0.000500s ]
INFO: [ app_end ] --END-- [ RunTime:0.000500s ]

[ 2016-05-20T16:42:55+08:00 ] 127.0.0.1 /index.php/Home/page/index?page_id=49
INFO: [ app_init ] --START--
INFO: Run Behavior\BuildLiteBehavior [ RunTime:0.000000s ]
INFO: [ app_init ] --END-- [ RunTime:0.000500s ]
INFO: [ app_begin ] --START--
INFO: Run Behavior\ReadHtmlCacheBehavior [ RunTime:0.000500s ]
INFO: [ app_begin ] --END-- [ RunTime:0.000500s ]
SQL: SHOW COLUMNS FROM `page` [ RunTime:0.0010s ]
SQL: SELECT * FROM `page` WHERE (  page_id = '49'  ) LIMIT 1   [ RunTime:0.0005s ]
INFO: [ view_parse ] --START--
INFO: [ template_filter ] --START--
INFO: Run Behavior\ContentReplaceBehavior [ RunTime:0.000000s ]
INFO: [ template_filter ] --END-- [ RunTime:0.000500s ]
NOTIC: [8] Undefined variable: item D:\PHPnow\htdocs\showdoc\Application\Runtime\Cache\Home\68bce0ec7afdf8798ef65138f610dc8c.php 第 5 行.
INFO: Run Behavior\ParseTemplateBehavior [ RunTime:0.004001s ]
INFO: [ view_parse ] --END-- [ RunTime:0.004501s ]
INFO: [ view_filter ] --START--
INFO: Run Behavior\WriteHtmlCacheBehavior [ RunTime:0.000000s ]
INFO: [ view_filter ] --END-- [ RunTime:0.000000s ]
INFO: [ app_end ] --START--
INFO: Run Behavior\ShowPageTraceBehavior [ RunTime:0.000500s ]
INFO: [ app_end ] --END-- [ RunTime:0.000500s ]

