[ 2016-05-18T08:50:22+08:00 ] 192.168.1.182 /favicon.ico
INFO: [ app_init ] --START--
INFO: Run Behavior\BuildLiteBehavior [ RunTime:0.000017s ]
INFO: [ app_init ] --END-- [ RunTime:0.000779s ]
ERR: 无法加载模块:Favicon

[ 2016-05-18T10:59:51+08:00 ] 192.168.1.182 /Public/js/common/%EF%BF%BD%C4%B5%EF%BF%BD%CB%B5%EF%BF%BD%EF%BF%BD.js
INFO: [ app_init ] --START--
INFO: Run Behavior\BuildLiteBehavior [ RunTime:0.000020s ]
INFO: [ app_init ] --END-- [ RunTime:0.001440s ]
ERR: 无法加载模块:Public

[ 2016-05-18T10:59:59+08:00 ] 192.168.1.182 /Public/js/common/%EF%BF%BD%C4%B5%EF%BF%BD%CB%B5%EF%BF%BD%EF%BF%BD.js
INFO: [ app_init ] --START--
INFO: Run Behavior\BuildLiteBehavior [ RunTime:0.000020s ]
INFO: [ app_init ] --END-- [ RunTime:0.000956s ]
ERR: 无法加载模块:Public

[ 2016-05-18T11:01:09+08:00 ] 192.168.1.182 /Public/js/common/%EF%BF%BD%C4%B5%EF%BF%BD%CB%B5%EF%BF%BD%EF%BF%BD.js
INFO: [ app_init ] --START--
INFO: Run Behavior\BuildLiteBehavior [ RunTime:0.000023s ]
INFO: [ app_init ] --END-- [ RunTime:0.001083s ]
ERR: 无法加载模块:Public

[ 2016-05-18T11:01:16+08:00 ] 192.168.1.182 /Public/js/common/%EF%BF%BD%C4%B5%EF%BF%BD%CB%B5%EF%BF%BD%EF%BF%BD.js
INFO: [ app_init ] --START--
INFO: Run Behavior\BuildLiteBehavior [ RunTime:0.000023s ]
INFO: [ app_init ] --END-- [ RunTime:0.001429s ]
ERR: 无法加载模块:Public

[ 2016-05-18T11:01:17+08:00 ] 192.168.1.182 /Public/js/common/%EF%BF%BD%C4%B5%EF%BF%BD%CB%B5%EF%BF%BD%EF%BF%BD.js
INFO: [ app_init ] --START--
INFO: Run Behavior\BuildLiteBehavior [ RunTime:0.000019s ]
INFO: [ app_init ] --END-- [ RunTime:0.001457s ]
ERR: 无法加载模块:Public

[ 2016-05-18T11:01:17+08:00 ] 192.168.1.182 /Public/js/common/%EF%BF%BD%C4%B5%EF%BF%BD%CB%B5%EF%BF%BD%EF%BF%BD.js
INFO: [ app_init ] --START--
INFO: Run Behavior\BuildLiteBehavior [ RunTime:0.000015s ]
INFO: [ app_init ] --END-- [ RunTime:0.000581s ]
ERR: 无法加载模块:Public

[ 2016-05-18T11:01:17+08:00 ] 192.168.1.182 /Public/js/common/%EF%BF%BD%C4%B5%EF%BF%BD%CB%B5%EF%BF%BD%EF%BF%BD.js
INFO: [ app_init ] --START--
INFO: Run Behavior\BuildLiteBehavior [ RunTime:0.000018s ]
INFO: [ app_init ] --END-- [ RunTime:0.000753s ]
ERR: 无法加载模块:Public

[ 2016-05-18T11:01:18+08:00 ] 192.168.1.182 /Public/js/common/%EF%BF%BD%C4%B5%EF%BF%BD%CB%B5%EF%BF%BD%EF%BF%BD.js
INFO: [ app_init ] --START--
INFO: Run Behavior\BuildLiteBehavior [ RunTime:0.000020s ]
INFO: [ app_init ] --END-- [ RunTime:0.000772s ]
ERR: 无法加载模块:Public

[ 2016-05-18T11:01:18+08:00 ] 192.168.1.182 /Public/js/common/%EF%BF%BD%C4%B5%EF%BF%BD%CB%B5%EF%BF%BD%EF%BF%BD.js
INFO: [ app_init ] --START--
INFO: Run Behavior\BuildLiteBehavior [ RunTime:0.000017s ]
INFO: [ app_init ] --END-- [ RunTime:0.000665s ]
ERR: 无法加载模块:Public

[ 2016-05-18T11:01:24+08:00 ] 192.168.1.182 /Public/js/common/%EF%BF%BD%C4%B5%EF%BF%BD%CB%B5%EF%BF%BD%EF%BF%BD.js
INFO: [ app_init ] --START--
INFO: Run Behavior\BuildLiteBehavior [ RunTime:0.000013s ]
INFO: [ app_init ] --END-- [ RunTime:0.000577s ]
ERR: 无法加载模块:Public

[ 2016-05-18T11:01:25+08:00 ] 192.168.1.182 /Public/js/common/%EF%BF%BD%C4%B5%EF%BF%BD%CB%B5%EF%BF%BD%EF%BF%BD.js
INFO: [ app_init ] --START--
INFO: Run Behavior\BuildLiteBehavior [ RunTime:0.000031s ]
INFO: [ app_init ] --END-- [ RunTime:0.001899s ]
ERR: 无法加载模块:Public

[ 2016-05-18T11:01:25+08:00 ] 192.168.1.182 /Public/js/common/%EF%BF%BD%C4%B5%EF%BF%BD%CB%B5%EF%BF%BD%EF%BF%BD.js
INFO: [ app_init ] --START--
INFO: Run Behavior\BuildLiteBehavior [ RunTime:0.000017s ]
INFO: [ app_init ] --END-- [ RunTime:0.000473s ]
ERR: 无法加载模块:Public

[ 2016-05-18T11:01:25+08:00 ] 192.168.1.182 /Public/js/common/%EF%BF%BD%C4%B5%EF%BF%BD%CB%B5%EF%BF%BD%EF%BF%BD.js
INFO: [ app_init ] --START--
INFO: Run Behavior\BuildLiteBehavior [ RunTime:0.000013s ]
INFO: [ app_init ] --END-- [ RunTime:0.000529s ]
ERR: 无法加载模块:Public

[ 2016-05-18T11:01:26+08:00 ] 192.168.1.182 /Public/js/common/%EF%BF%BD%C4%B5%EF%BF%BD%CB%B5%EF%BF%BD%EF%BF%BD.js
INFO: [ app_init ] --START--
INFO: Run Behavior\BuildLiteBehavior [ RunTime:0.000014s ]
INFO: [ app_init ] --END-- [ RunTime:0.000639s ]
ERR: 无法加载模块:Public

[ 2016-05-18T11:01:33+08:00 ] 192.168.1.182 /Public/js/common/%EF%BF%BD%C4%B5%EF%BF%BD%CB%B5%EF%BF%BD%EF%BF%BD.js
INFO: [ app_init ] --START--
INFO: Run Behavior\BuildLiteBehavior [ RunTime:0.000023s ]
INFO: [ app_init ] --END-- [ RunTime:0.000805s ]
ERR: 无法加载模块:Public

[ 2016-05-18T11:01:33+08:00 ] 192.168.1.182 /Public/js/common/%EF%BF%BD%C4%B5%EF%BF%BD%CB%B5%EF%BF%BD%EF%BF%BD.js
INFO: [ app_init ] --START--
INFO: Run Behavior\BuildLiteBehavior [ RunTime:0.000017s ]
INFO: [ app_init ] --END-- [ RunTime:0.000500s ]
ERR: 无法加载模块:Public

[ 2016-05-18T11:01:41+08:00 ] 192.168.1.182 /Public/js/common/%EF%BF%BD%C4%B5%EF%BF%BD%CB%B5%EF%BF%BD%EF%BF%BD.js
INFO: [ app_init ] --START--
INFO: Run Behavior\BuildLiteBehavior [ RunTime:0.000019s ]
INFO: [ app_init ] --END-- [ RunTime:0.000761s ]
ERR: 无法加载模块:Public

[ 2016-05-18T11:01:54+08:00 ] 192.168.1.182 /Public/js/common/%EF%BF%BD%C4%B5%EF%BF%BD%CB%B5%EF%BF%BD%EF%BF%BD.js
INFO: [ app_init ] --START--
INFO: Run Behavior\BuildLiteBehavior [ RunTime:0.000016s ]
INFO: [ app_init ] --END-- [ RunTime:0.000696s ]
ERR: 无法加载模块:Public

[ 2016-05-18T11:01:56+08:00 ] 192.168.1.182 /Public/js/common/%EF%BF%BD%C4%B5%EF%BF%BD%CB%B5%EF%BF%BD%EF%BF%BD.js
INFO: [ app_init ] --START--
INFO: Run Behavior\BuildLiteBehavior [ RunTime:0.000042s ]
INFO: [ app_init ] --END-- [ RunTime:0.000897s ]
ERR: 无法加载模块:Public

[ 2016-05-18T11:02:07+08:00 ] 192.168.1.182 /Public/js/common/%EF%BF%BD%C4%B5%EF%BF%BD%CB%B5%EF%BF%BD%EF%BF%BD.js
INFO: [ app_init ] --START--
INFO: Run Behavior\BuildLiteBehavior [ RunTime:0.000021s ]
INFO: [ app_init ] --END-- [ RunTime:0.000938s ]
ERR: 无法加载模块:Public

[ 2016-05-18T11:02:10+08:00 ] 192.168.1.182 /Public/js/common/%EF%BF%BD%C4%B5%EF%BF%BD%CB%B5%EF%BF%BD%EF%BF%BD.js
INFO: [ app_init ] --START--
INFO: Run Behavior\BuildLiteBehavior [ RunTime:0.000586s ]
INFO: [ app_init ] --END-- [ RunTime:0.001663s ]
ERR: 无法加载模块:Public

[ 2016-05-18T11:02:24+08:00 ] 192.168.1.182 /Public/js/common/%EF%BF%BD%C4%B5%EF%BF%BD%CB%B5%EF%BF%BD%EF%BF%BD.js
INFO: [ app_init ] --START--
INFO: Run Behavior\BuildLiteBehavior [ RunTime:0.000018s ]
INFO: [ app_init ] --END-- [ RunTime:0.000933s ]
ERR: 无法加载模块:Public

[ 2016-05-18T11:02:29+08:00 ] 192.168.1.182 /Public/js/common/%EF%BF%BD%C4%B5%EF%BF%BD%CB%B5%EF%BF%BD%EF%BF%BD.js
INFO: [ app_init ] --START--
INFO: Run Behavior\BuildLiteBehavior [ RunTime:0.000020s ]
INFO: [ app_init ] --END-- [ RunTime:0.000708s ]
ERR: 无法加载模块:Public

[ 2016-05-18T11:02:31+08:00 ] 192.168.1.182 /Public/js/common/%EF%BF%BD%C4%B5%EF%BF%BD%CB%B5%EF%BF%BD%EF%BF%BD.js
INFO: [ app_init ] --START--
INFO: Run Behavior\BuildLiteBehavior [ RunTime:0.000024s ]
INFO: [ app_init ] --END-- [ RunTime:0.001361s ]
ERR: 无法加载模块:Public

[ 2016-05-18T11:02:31+08:00 ] 192.168.1.182 /Public/js/common/%EF%BF%BD%C4%B5%EF%BF%BD%CB%B5%EF%BF%BD%EF%BF%BD.js
INFO: [ app_init ] --START--
INFO: Run Behavior\BuildLiteBehavior [ RunTime:0.000023s ]
INFO: [ app_init ] --END-- [ RunTime:0.000827s ]
ERR: 无法加载模块:Public

[ 2016-05-18T11:02:35+08:00 ] 192.168.1.182 /Public/js/common/%EF%BF%BD%C4%B5%EF%BF%BD%CB%B5%EF%BF%BD%EF%BF%BD.js
INFO: [ app_init ] --START--
INFO: Run Behavior\BuildLiteBehavior [ RunTime:0.000034s ]
INFO: [ app_init ] --END-- [ RunTime:0.001507s ]
ERR: 无法加载模块:Public

[ 2016-05-18T11:02:35+08:00 ] 192.168.1.182 /Public/js/common/%EF%BF%BD%C4%B5%EF%BF%BD%CB%B5%EF%BF%BD%EF%BF%BD.js
INFO: [ app_init ] --START--
INFO: Run Behavior\BuildLiteBehavior [ RunTime:0.000019s ]
INFO: [ app_init ] --END-- [ RunTime:0.000850s ]
ERR: 无法加载模块:Public

[ 2016-05-18T11:02:40+08:00 ] 192.168.1.182 /Public/js/common/%EF%BF%BD%C4%B5%EF%BF%BD%CB%B5%EF%BF%BD%EF%BF%BD.js
INFO: [ app_init ] --START--
INFO: Run Behavior\BuildLiteBehavior [ RunTime:0.000017s ]
INFO: [ app_init ] --END-- [ RunTime:0.000765s ]
ERR: 无法加载模块:Public

[ 2016-05-18T11:02:55+08:00 ] 192.168.1.182 /Public/js/common/%EF%BF%BD%C4%B5%EF%BF%BD%CB%B5%EF%BF%BD%EF%BF%BD.js
INFO: [ app_init ] --START--
INFO: Run Behavior\BuildLiteBehavior [ RunTime:0.000027s ]
INFO: [ app_init ] --END-- [ RunTime:0.002168s ]
ERR: 无法加载模块:Public

[ 2016-05-18T11:20:05+08:00 ] 192.168.1.182 /favicon.ico
INFO: [ app_init ] --START--
INFO: Run Behavior\BuildLiteBehavior [ RunTime:0.000013s ]
INFO: [ app_init ] --END-- [ RunTime:0.000718s ]
ERR: 无法加载模块:Favicon

